c:\users\xiaobai\source\repos\c_code\newschoolsystemfilm\project1\project1\x64\debug\vc143.pdb
c:\users\xiaobai\source\repos\c_code\newschoolsystemfilm\project1\project1\x64\debug\vc143.idb
c:\users\xiaobai\source\repos\c_code\newschoolsystemfilm\project1\project1\x64\debug\showplan.obj
c:\users\xiaobai\source\repos\c_code\newschoolsystemfilm\project1\project1\x64\debug\seat.obj
c:\users\xiaobai\source\repos\c_code\newschoolsystemfilm\project1\project1\x64\debug\saleanalysis.obj
c:\users\xiaobai\source\repos\c_code\newschoolsystemfilm\project1\project1\x64\debug\sale.obj
c:\users\xiaobai\source\repos\c_code\newschoolsystemfilm\project1\project1\x64\debug\play.obj
c:\users\xiaobai\source\repos\c_code\newschoolsystemfilm\project1\project1\x64\debug\maiaccount_ui.obj
c:\users\xiaobai\source\repos\c_code\newschoolsystemfilm\project1\project1\x64\debug\account.obj
c:\users\xiaobai\source\repos\c_code\newschoolsystemfilm\project1\project1\x64\debug\ticket_persist.obj
c:\users\xiaobai\source\repos\c_code\newschoolsystemfilm\project1\project1\x64\debug\studio_persist.obj
c:\users\xiaobai\source\repos\c_code\newschoolsystemfilm\project1\project1\x64\debug\stasale_persis.obj
c:\users\xiaobai\source\repos\c_code\newschoolsystemfilm\project1\project1\x64\debug\showquery_persist.obj
c:\users\xiaobai\source\repos\c_code\newschoolsystemfilm\project1\project1\x64\debug\showplan_persist.obj
c:\users\xiaobai\source\repos\c_code\newschoolsystemfilm\project1\project1\x64\debug\seat_persist.obj
c:\users\xiaobai\source\repos\c_code\newschoolsystemfilm\project1\project1\x64\debug\sale_persist.obj
c:\users\xiaobai\source\repos\c_code\newschoolsystemfilm\project1\project1\x64\debug\saleanalysis_persist.obj
c:\users\xiaobai\source\repos\c_code\newschoolsystemfilm\project1\project1\x64\debug\play_persist.obj
c:\users\xiaobai\source\repos\c_code\newschoolsystemfilm\project1\project1\x64\debug\entitykey_persist.obj
c:\users\xiaobai\source\repos\c_code\newschoolsystemfilm\project1\project1\x64\debug\account_persistence.obj
c:\users\xiaobai\source\repos\c_code\newschoolsystemfilm\project1\project1\x64\debug\common.obj
c:\users\xiaobai\source\repos\c_code\newschoolsystemfilm\project1\project1\x64\debug\ticket_ui.obj
c:\users\xiaobai\source\repos\c_code\newschoolsystemfilm\project1\project1\x64\debug\studio_ui.obj
c:\users\xiaobai\source\repos\c_code\newschoolsystemfilm\project1\project1\x64\debug\stasale_ui.obj
c:\users\xiaobai\source\repos\c_code\newschoolsystemfilm\project1\project1\x64\debug\showquery_ui.obj
c:\users\xiaobai\source\repos\c_code\newschoolsystemfilm\project1\project1\x64\debug\showplan_ui.obj
c:\users\xiaobai\source\repos\c_code\newschoolsystemfilm\project1\project1\x64\debug\seat_ui.obj
c:\users\xiaobai\source\repos\c_code\newschoolsystemfilm\project1\project1\x64\debug\sale_ui.obj
c:\users\xiaobai\source\repos\c_code\newschoolsystemfilm\project1\project1\x64\debug\saleanalysis_ui.obj
c:\users\xiaobai\source\repos\c_code\newschoolsystemfilm\project1\project1\x64\debug\play_ui.obj
c:\users\xiaobai\source\repos\c_code\newschoolsystemfilm\project1\project1\x64\debug\main_menu.obj
c:\users\xiaobai\source\repos\c_code\newschoolsystemfilm\project1\project1\x64\debug\account_ui.obj
c:\users\xiaobai\source\repos\c_code\newschoolsystemfilm\project1\project1\x64\debug\ttms.obj
c:\users\xiaobai\source\repos\c_code\newschoolsystemfilm\project1\project1\x64\debug\ticket.obj
c:\users\xiaobai\source\repos\c_code\newschoolsystemfilm\project1\project1\x64\debug\studio.obj
c:\users\xiaobai\source\repos\c_code\newschoolsystemfilm\project1\project1\x64\debug\stasale.obj
c:\users\xiaobai\source\repos\c_code\newschoolsystemfilm\project1\project1\x64\debug\showquery_srv.obj
c:\users\xiaobai\source\repos\c_code\newschoolsystemfilm\project1\project1\x64\debug\project1.ilk
c:\users\xiaobai\source\repos\c_code\newschoolsystemfilm\project1\x64\debug\project1.pdb
c:\users\xiaobai\source\repos\c_code\newschoolsystemfilm\project1\x64\debug\project1.exe
c:\users\xiaobai\source\repos\c_code\newschoolsystemfilm\project1\project1\x64\debug\project1.tlog\cl.command.1.tlog
c:\users\xiaobai\source\repos\c_code\newschoolsystemfilm\project1\project1\x64\debug\project1.tlog\cl.items.tlog
c:\users\xiaobai\source\repos\c_code\newschoolsystemfilm\project1\project1\x64\debug\project1.tlog\cl.read.1.tlog
c:\users\xiaobai\source\repos\c_code\newschoolsystemfilm\project1\project1\x64\debug\project1.tlog\cl.write.1.tlog
c:\users\xiaobai\source\repos\c_code\newschoolsystemfilm\project1\project1\x64\debug\project1.tlog\link.command.1.tlog
c:\users\xiaobai\source\repos\c_code\newschoolsystemfilm\project1\project1\x64\debug\project1.tlog\link.read.1.tlog
c:\users\xiaobai\source\repos\c_code\newschoolsystemfilm\project1\project1\x64\debug\project1.tlog\link.secondary.1.tlog
c:\users\xiaobai\source\repos\c_code\newschoolsystemfilm\project1\project1\x64\debug\project1.tlog\link.write.1.tlog
